<?xml version="1.0" encoding="UTF-8"?>
<coverage generated="1702590472644" clover="3.2.0">
  <project timestamp="1702590472645" name="All files">
    <metrics statements="10" coveredstatements="9" conditionals="2" coveredconditionals="2" methods="3" coveredmethods="3" elements="15" coveredelements="14" complexity="0" loc="10" ncloc="10" packages="1" files="1" classes="1"/>
    <file name="MysqlConnection.ts" path="C:\Users\MIGUEL\Desktop\curso_tdd\api-rest\src\database\MysqlConnection.ts">
      <metrics statements="10" coveredstatements="9" conditionals="2" coveredconditionals="2" methods="3" coveredmethods="3"/>
      <line num="1" count="1" type="stmt"/>
      <line num="3" count="1" type="stmt"/>
      <line num="7" count="1" type="stmt"/>
      <line num="8" count="1" type="stmt"/>
      <line num="13" count="1" type="stmt"/>
      <line num="14" count="1" type="stmt"/>
      <line num="15" count="1" type="stmt"/>
      <line num="16" count="1" type="stmt"/>
      <line num="18" count="0" type="stmt"/>
      <line num="28" count="1" type="cond" truecount="2" falsecount="0"/>
    </file>
  </project>
</coverage>
