{"C:\\Users\\MIGUEL\\Desktop\\curso_tdd\\api-rest\\src\\database\\MysqlConnection.ts": {"path":"C:\\Users\\MIGUEL\\Desktop\\curso_tdd\\api-rest\\src\\database\\MysqlConnection.ts","statementMap":{"0":{"start":{"line":1,"column":0},"end":{"line":1,"column":45}},"1":{"start":{"line":7,"column":22},"end":{"line":7,"column":49}},"2":{"start":{"line":8,"column":4},"end":{"line":8,"column":48}},"3":{"start":{"line":13,"column":4},"end":{"line":19,"column":5}},"4":{"start":{"line":14,"column":25},"end":{"line":14,"column":56}},"5":{"start":{"line":15,"column":26},"end":{"line":15,"column":103}},"6":{"start":{"line":16,"column":6},"end":{"line":16,"column":24}},"7":{"start":{"line":18,"column":6},"end":{"line":18,"column":65}},"8":{"start":{"line":3,"column":0},"end":{"line":3,"column":13}},"9":{"start":{"line":28,"column":85},"end":{"line":28,"column":37535}},"10":{"start":{"line":28,"column":89},"end":{"line":28,"column":37524}},"11":{"start":{"line":28,"column":37650},"end":{"line":28,"column":37656}},"12":{"start":{"line":28,"column":37771},"end":{"line":28,"column":37777}},"13":{"start":{"line":28,"column":37859},"end":{"line":28,"column":37865}},"14":{"start":{"line":28,"column":37950},"end":{"line":28,"column":37956}}},"fnMap":{"0":{"name":"(anonymous_8)","decl":{"start":{"line":7,"column":2},"end":{"line":7,"column":22}},"loc":{"start":{"line":7,"column":49},"end":{"line":9,"column":3}}},"1":{"name":"(anonymous_9)","decl":{"start":{"line":12,"column":8},"end":{"line":12,"column":21}},"loc":{"start":{"line":12,"column":21},"end":{"line":20,"column":null}}},"2":{"name":"oo_cm","decl":{"start":{"line":28,"column":77},"end":{"line":28,"column":82}},"loc":{"start":{"line":28,"column":82},"end":{"line":28,"column":37536}}}},"branchMap":{"0":{"loc":{"start":{"line":28,"column":96},"end":{"line":28,"column":37523}},"type":"binary-expr","locations":[{"start":{"line":28,"column":96},"end":{"line":28,"column":133}},{"start":{"line":28,"column":137},"end":{"line":28,"column":37523}}]}},"s":{"0":1,"1":1,"2":1,"3":1,"4":1,"5":1,"6":1,"7":0,"8":1,"9":1,"10":1,"11":1,"12":1,"13":1,"14":1},"f":{"0":1,"1":1,"2":1},"b":{"0":[1,1]}}
,"C:\\Users\\MIGUEL\\Desktop\\curso_tdd\\api-rest\\src\\repositories\\MysqlStudentRepository.ts": {"path":"C:\\Users\\MIGUEL\\Desktop\\curso_tdd\\api-rest\\src\\repositories\\MysqlStudentRepository.ts","statementMap":{"0":{"start":{"line":7,"column":31},"end":{"line":7,"column":60}},"1":{"start":{"line":10,"column":4},"end":{"line":10,"column":45}},"2":{"start":{"line":15,"column":24},"end":{"line":15,"column":50}},"3":{"start":{"line":16,"column":4},"end":{"line":23,"column":5}},"4":{"start":{"line":17,"column":21},"end":{"line":17,"column":71}},"5":{"start":{"line":18,"column":6},"end":{"line":18,"column":32}},"6":{"start":{"line":20,"column":6},"end":{"line":20,"column":39}},"7":{"start":{"line":22,"column":6},"end":{"line":22,"column":27}},"8":{"start":{"line":5,"column":0},"end":{"line":5,"column":13}}},"fnMap":{"0":{"name":"(anonymous_7)","decl":{"start":{"line":7,"column":2},"end":{"line":7,"column":31}},"loc":{"start":{"line":7,"column":60},"end":{"line":7,"column":64}}},"1":{"name":"(anonymous_8)","decl":{"start":{"line":9,"column":16},"end":{"line":9,"column":29}},"loc":{"start":{"line":9,"column":29},"end":{"line":11,"column":null}}},"2":{"name":"(anonymous_10)","decl":{"start":{"line":14,"column":8},"end":{"line":14,"column":15}},"loc":{"start":{"line":14,"column":15},"end":{"line":24,"column":null}}}},"branchMap":{},"s":{"0":1,"1":1,"2":1,"3":1,"4":1,"5":1,"6":0,"7":1,"8":1},"f":{"0":1,"1":1,"2":1},"b":{}}
,"C:\\Users\\MIGUEL\\Desktop\\curso_tdd\\api-rest\\src\\services\\StudentService.ts": {"path":"C:\\Users\\MIGUEL\\Desktop\\curso_tdd\\api-rest\\src\\services\\StudentService.ts","statementMap":{"0":{"start":{"line":7,"column":31},"end":{"line":7,"column":68}},"1":{"start":{"line":10,"column":4},"end":{"line":10,"column":44}},"2":{"start":{"line":5,"column":0},"end":{"line":5,"column":13}}},"fnMap":{"0":{"name":"(anonymous_0)","decl":{"start":{"line":7,"column":2},"end":{"line":7,"column":31}},"loc":{"start":{"line":7,"column":68},"end":{"line":7,"column":72}}},"1":{"name":"(anonymous_1)","decl":{"start":{"line":9,"column":2},"end":{"line":9,"column":16}},"loc":{"start":{"line":9,"column":16},"end":{"line":11,"column":3}}}},"branchMap":{},"s":{"0":1,"1":1,"2":1},"f":{"0":1,"1":1},"b":{}}
}
