{"C:\\Users\\MIGUEL\\Desktop\\curso_tdd\\api-rest\\src\\database\\MysqlConnection.ts": {"path":"C:\\Users\\MIGUEL\\Desktop\\curso_tdd\\api-rest\\src\\database\\MysqlConnection.ts","statementMap":{"0":{"start":{"line":1,"column":0},"end":{"line":1,"column":45}},"1":{"start":{"line":7,"column":22},"end":{"line":7,"column":49}},"2":{"start":{"line":8,"column":4},"end":{"line":8,"column":48}},"3":{"start":{"line":12,"column":4},"end":{"line":18,"column":5}},"4":{"start":{"line":13,"column":25},"end":{"line":13,"column":56}},"5":{"start":{"line":14,"column":26},"end":{"line":14,"column":102}},"6":{"start":{"line":15,"column":6},"end":{"line":15,"column":24}},"7":{"start":{"line":17,"column":6},"end":{"line":17,"column":65}},"8":{"start":{"line":3,"column":0},"end":{"line":3,"column":13}},"9":{"start":{"line":27,"column":85},"end":{"line":27,"column":37541}},"10":{"start":{"line":27,"column":89},"end":{"line":27,"column":37530}},"11":{"start":{"line":27,"column":37656},"end":{"line":27,"column":37662}},"12":{"start":{"line":27,"column":37777},"end":{"line":27,"column":37783}},"13":{"start":{"line":27,"column":37865},"end":{"line":27,"column":37871}},"14":{"start":{"line":27,"column":37956},"end":{"line":27,"column":37962}}},"fnMap":{"0":{"name":"(anonymous_8)","decl":{"start":{"line":7,"column":2},"end":{"line":7,"column":22}},"loc":{"start":{"line":7,"column":49},"end":{"line":9,"column":3}}},"1":{"name":"(anonymous_9)","decl":{"start":{"line":11,"column":8},"end":{"line":11,"column":21}},"loc":{"start":{"line":11,"column":21},"end":{"line":19,"column":null}}},"2":{"name":"oo_cm","decl":{"start":{"line":27,"column":77},"end":{"line":27,"column":82}},"loc":{"start":{"line":27,"column":82},"end":{"line":27,"column":37542}}}},"branchMap":{"0":{"loc":{"start":{"line":27,"column":96},"end":{"line":27,"column":37529}},"type":"binary-expr","locations":[{"start":{"line":27,"column":96},"end":{"line":27,"column":133}},{"start":{"line":27,"column":137},"end":{"line":27,"column":37529}}]}},"s":{"0":1,"1":1,"2":1,"3":1,"4":1,"5":1,"6":1,"7":0,"8":1,"9":1,"10":1,"11":1,"12":1,"13":1,"14":1},"f":{"0":1,"1":1,"2":1},"b":{"0":[1,1]}}
}
