TN:
SF:src\app.ts
FN:38,(anonymous_1)
FN:45,(anonymous_2)
FNF:2
FNH:2
FNDA:5,(anonymous_1)
FNDA:2,(anonymous_2)
DA:1,2
DA:2,2
DA:3,2
DA:6,2
DA:7,2
DA:8,2
DA:9,2
DA:10,2
DA:11,2
DA:12,2
DA:16,2
DA:20,2
DA:28,2
DA:35,2
DA:36,2
DA:38,2
DA:40,5
DA:43,2
DA:45,2
DA:46,2
DA:49,2
LF:21
LH:21
BRDA:43,0,0,2
BRDA:43,0,1,0
BRDA:43,1,0,0
BRDA:43,1,1,0
BRF:4
BRH:1
end_of_record
TN:
SF:src\config.ts
FNF:0
FNH:0
DA:1,2
DA:2,2
DA:4,2
LF:3
LH:3
BRF:0
BRH:0
end_of_record
TN:
SF:src\controllers\StudentController.ts
FN:13,(anonymous_9)
FN:20,(anonymous_10)
FN:27,(anonymous_12)
FNF:3
FNH:3
FNDA:2,(anonymous_9)
FNDA:3,(anonymous_10)
FNDA:2,(anonymous_12)
DA:1,2
DA:2,2
DA:7,2
DA:13,2
DA:14,2
DA:15,2
DA:16,2
DA:20,2
DA:21,3
DA:22,3
DA:27,2
DA:28,2
DA:29,2
DA:31,2
DA:32,1
DA:34,1
LF:16
LH:16
BRDA:31,0,0,1
BRDA:31,0,1,1
BRF:2
BRH:2
end_of_record
TN:
SF:src\database\MysqlConnection.ts
FN:7,(anonymous_8)
FN:12,(anonymous_9)
FNF:2
FNH:2
FNDA:3,(anonymous_8)
FNDA:6,(anonymous_9)
DA:1,3
DA:3,3
DA:7,3
DA:8,3
DA:13,6
DA:14,6
DA:15,6
DA:16,6
DA:18,0
LF:9
LH:8
BRF:0
BRH:0
end_of_record
TN:
SF:src\repositories\MysqlStudentRepository.ts
FN:8,(anonymous_7)
FN:10,(anonymous_8)
FN:15,(anonymous_10)
FN:26,(anonymous_12)
FNF:4
FNH:4
FNDA:4,(anonymous_7)
FNDA:7,(anonymous_8)
FNDA:4,(anonymous_10)
FNDA:3,(anonymous_12)
DA:6,3
DA:8,4
DA:11,7
DA:16,4
DA:17,4
DA:18,4
DA:19,4
DA:21,0
DA:23,4
DA:27,3
DA:28,3
DA:29,3
DA:31,3
DA:32,1
DA:34,2
DA:36,0
DA:38,3
LF:17
LH:15
BRDA:31,0,0,1
BRF:1
BRH:1
end_of_record
TN:
SF:src\services\StudentService.ts
FN:8,(anonymous_0)
FN:9,(anonymous_1)
FN:14,(anonymous_2)
FNF:3
FNH:3
FNDA:3,(anonymous_0)
FNDA:3,(anonymous_1)
FNDA:4,(anonymous_2)
DA:6,3
DA:8,3
DA:10,3
DA:15,4
LF:4
LH:4
BRF:0
BRH:0
end_of_record
