TN:
SF:src\database\MysqlConnection.ts
FN:7,(anonymous_8)
FN:12,(anonymous_9)
FN:28,oo_cm
FNF:3
FNH:3
FNDA:1,(anonymous_8)
FNDA:1,(anonymous_9)
FNDA:1,oo_cm
DA:1,1
DA:3,1
DA:7,1
DA:8,1
DA:13,1
DA:14,1
DA:15,1
DA:16,1
DA:18,0
DA:28,1
LF:10
LH:9
BRDA:28,0,0,1
BRDA:28,0,1,1
BRF:2
BRH:2
end_of_record
TN:
SF:src\repositories\MysqlStudentRepository.ts
FN:7,(anonymous_7)
FN:9,(anonymous_8)
FN:14,(anonymous_10)
FNF:3
FNH:3
FNDA:1,(anonymous_7)
FNDA:1,(anonymous_8)
FNDA:1,(anonymous_10)
DA:5,1
DA:7,1
DA:10,1
DA:15,1
DA:16,1
DA:17,1
DA:18,1
DA:20,0
DA:22,1
LF:9
LH:8
BRF:0
BRH:0
end_of_record
